# JRE version: Java(TM) SE Runtime Environment (8.0_171-b11) (build 1.8.0_171-b11)
# Java VM: Java HotSpot(TM) 64-Bit Server VM (25.171-b11 mixed mode windows-amd64 compressed oops)
Heap:
 PSYoungGen      total 779776K, used 518055K [0x000000076af00000, 0x00000007bdd00000, 0x00000007c0000000)
  eden space 761856K, 67% used [0x000000076af00000,0x000000078a8a9fd0,0x0000000799700000)
  from space 17920K, 1% used [0x00000007bba00000,0x00000007bba40000,0x00000007bcb80000)
  to   space 17408K, 0% used [0x00000007bcc00000,0x00000007bcc00000,0x00000007bdd00000)
 ParOldGen       total 175104K, used 13666K [0x00000006c0c00000, 0x00000006cb700000, 0x000000076af00000)
  object space 175104K, 7% used [0x00000006c0c00000,0x00000006c1958a28,0x00000006cb700000)
 Metaspace       used 11624K, capacity 11805K, committed 11904K, reserved 1060864K
  class space    used 1024K, capacity 1135K, committed 1152K, reserved 1048576K
GC Heap History (10 events):
Event: 4.368 GC heap before
{Heap before GC invocations=9 (full 0):
 PSYoungGen      total 539136K, used 523712K [0x000000076af00000, 0x000000078d000000, 0x00000007c0000000)
  eden space 523264K, 100% used [0x000000076af00000,0x000000078ae00000,0x000000078ae00000)
  from space 15872K, 2% used [0x000000078be80000,0x000000078bef0000,0x000000078ce00000)
  to   space 16896K, 0% used [0x000000078ae00000,0x000000078ae00000,0x000000078be80000)
 ParOldGen       total 175104K, used 13626K [0x00000006c0c00000, 0x00000006cb700000, 0x000000076af00000)
  object space 175104K, 7% used [0x00000006c0c00000,0x00000006c194ea28,0x00000006cb700000)
 Metaspace       used 11590K, capacity 11805K, committed 11904K, reserved 1060864K
  class space    used 1024K, capacity 1135K, committed 1152K, reserved 1048576K
Event: 4.369 GC heap after
Heap after GC invocations=9 (full 0):
 PSYoungGen      total 540160K, used 416K [0x000000076af00000, 0x00000007a0300000, 0x00000007c0000000)
  eden space 523264K, 0% used [0x000000076af00000,0x000000076af00000,0x000000078ae00000)
  from space 16896K, 2% used [0x000000078ae00000,0x000000078ae68000,0x000000078be80000)
  to   space 17408K, 0% used [0x000000079f200000,0x000000079f200000,0x00000007a0300000)
 ParOldGen       total 175104K, used 13634K [0x00000006c0c00000, 0x00000006cb700000, 0x000000076af00000)
  object space 175104K, 7% used [0x00000006c0c00000,0x00000006c1950a28,0x00000006cb700000)
 Metaspace       used 11590K, capacity 11805K, committed 11904K, reserved 1060864K
  class space    used 1024K, capacity 1135K, committed 1152K, reserved 1048576K
}
Event: 4.798 GC heap before
{Heap before GC invocations=10 (full 0):
 PSYoungGen      total 540160K, used 523680K [0x000000076af00000, 0x00000007a0300000, 0x00000007c0000000)
  eden space 523264K, 100% used [0x000000076af00000,0x000000078ae00000,0x000000078ae00000)
  from space 16896K, 2% used [0x000000078ae00000,0x000000078ae68000,0x000000078be80000)
  to   space 17408K, 0% used [0x000000079f200000,0x000000079f200000,0x00000007a0300000)
 ParOldGen       total 175104K, used 13634K [0x00000006c0c00000, 0x00000006cb700000, 0x000000076af00000)
  object space 175104K, 7% used [0x00000006c0c00000,0x00000006c1950a28,0x00000006cb700000)
 Metaspace       used 11597K, capacity 11805K, committed 11904K, reserved 1060864K
  class space    used 1024K, capacity 1135K, committed 1152K, reserved 1048576K
Event: 4.799 GC heap after
Heap after GC invocations=10 (full 0):
 PSYoungGen      total 854528K, used 256K [0x000000076af00000, 0x00000007a0400000, 0x00000007c0000000)
  eden space 837120K, 0% used [0x000000076af00000,0x000000076af00000,0x000000079e080000)
  from space 17408K, 1% used [0x000000079f200000,0x000000079f240000,0x00000007a0300000)
  to   space 17920K, 0% used [0x000000079e080000,0x000000079e080000,0x000000079f200000)
 ParOldGen       total 175104K, used 13642K [0x00000006c0c00000, 0x00000006cb700000, 0x000000076af00000)
  object space 175104K, 7% used [0x00000006c0c00000,0x00000006c1952a28,0x00000006cb700000)
 Metaspace       used 11597K, capacity 11805K, committed 11904K, reserved 1060864K
  class space    used 1024K, capacity 1135K, committed 1152K, reserved 1048576K
}
Event: 6.218 GC heap before
{Heap before GC invocations=11 (full 0):
 PSYoungGen      total 854528K, used 837376K [0x000000076af00000, 0x00000007a0400000, 0x00000007c0000000)
  eden space 837120K, 100% used [0x000000076af00000,0x000000079e080000,0x000000079e080000)
  from space 17408K, 1% used [0x000000079f200000,0x000000079f240000,0x00000007a0300000)
  to   space 17920K, 0% used [0x000000079e080000,0x000000079e080000,0x000000079f200000)
 ParOldGen       total 175104K, used 13642K [0x00000006c0c00000, 0x00000006cb700000, 0x000000076af00000)
  object space 175104K, 7% used [0x00000006c0c00000,0x00000006c1952a28,0x00000006cb700000)
 Metaspace       used 11616K, capacity 11805K, committed 11904K, reserved 1060864K
  class space    used 1024K, capacity 1135K, committed 1152K, reserved 1048576K
Event: 6.219 GC heap after
Heap after GC invocations=11 (full 0):
 PSYoungGen      total 855040K, used 416K [0x000000076af00000, 0x00000007bee00000, 0x00000007c0000000)
  eden space 837120K, 0% used [0x000000076af00000,0x000000076af00000,0x000000079e080000)
  from space 17920K, 2% used [0x000000079e080000,0x000000079e0e8000,0x000000079f200000)
  to   space 17920K, 0% used [0x00000007bdc80000,0x00000007bdc80000,0x00000007bee00000)
 ParOldGen       total 175104K, used 13650K [0x00000006c0c00000, 0x00000006cb700000, 0x000000076af00000)
  object space 175104K, 7% used [0x00000006c0c00000,0x00000006c1954a28,0x00000006cb700000)
 Metaspace       used 11616K, capacity 11805K, committed 11904K, reserved 1060864K
  class space    used 1024K, capacity 1135K, committed 1152K, reserved 1048576K
}
Event: 6.916 GC heap before
{Heap before GC invocations=12 (full 0):
 PSYoungGen      total 855040K, used 837536K [0x000000076af00000, 0x00000007bee00000, 0x00000007c0000000)
  eden space 837120K, 100% used [0x000000076af00000,0x000000079e080000,0x000000079e080000)
  from space 17920K, 2% used [0x000000079e080000,0x000000079e0e8000,0x000000079f200000)
  to   space 17920K, 0% used [0x00000007bdc80000,0x00000007bdc80000,0x00000007bee00000)
 ParOldGen       total 175104K, used 13650K [0x00000006c0c00000, 0x00000006cb700000, 0x000000076af00000)
  object space 175104K, 7% used [0x00000006c0c00000,0x00000006c1954a28,0x00000006cb700000)
 Metaspace       used 11618K, capacity 11805K, committed 11904K, reserved 1060864K
  class space    used 1024K, capacity 1135K, committed 1152K, reserved 1048576K
Event: 6.917 GC heap after
Heap after GC invocations=12 (full 0):
 PSYoungGen      total 799232K, used 432K [0x000000076af00000, 0x00000007bdd00000, 0x00000007c0000000)
  eden space 798720K, 0% used [0x000000076af00000,0x000000076af00000,0x000000079bb00000)
  from space 512K, 84% used [0x00000007bdc80000,0x00000007bdcec120,0x00000007bdd00000)
  to   space 17920K, 0% used [0x00000007bba00000,0x00000007bba00000,0x00000007bcb80000)
 ParOldGen       total 175104K, used 13658K [0x00000006c0c00000, 0x00000006cb700000, 0x000000076af00000)
  object space 175104K, 7% used [0x00000006c0c00000,0x00000006c1956a28,0x00000006cb700000)
 Metaspace       used 11618K, capacity 11805K, committed 11904K, reserved 1060864K
  class space    used 1024K, capacity 1135K, committed 1152K, reserved 1048576K
}
Event: 7.580 GC heap before
{Heap before GC invocations=13 (full 0):
 PSYoungGen      total 799232K, used 799152K [0x000000076af00000, 0x00000007bdd00000, 0x00000007c0000000)
  eden space 798720K, 100% used [0x000000076af00000,0x000000079bb00000,0x000000079bb00000)
  from space 512K, 84% used [0x00000007bdc80000,0x00000007bdcec120,0x00000007bdd00000)
  to   space 17920K, 0% used [0x00000007bba00000,0x00000007bba00000,0x00000007bcb80000)
 ParOldGen       total 175104K, used 13658K [0x00000006c0c00000, 0x00000006cb700000, 0x000000076af00000)
  object space 175104K, 7% used [0x00000006c0c00000,0x00000006c1956a28,0x00000006cb700000)
 Metaspace       used 11620K, capacity 11805K, committed 11904K, reserved 1060864K
  class space    used 1024K, capacity 1135K, committed 1152K, reserved 1048576K
Event: 7.581 GC heap after
Heap after GC invocations=13 (full 0):
 PSYoungGen      total 779776K, used 256K [0x000000076af00000, 0x00000007bdd00000, 0x00000007c0000000)
  eden space 761856K, 0% used [0x000000076af00000,0x000000076af00000,0x0000000799700000)
  from space 17920K, 1% used [0x00000007bba00000,0x00000007bba40000,0x00000007bcb80000)
  to   space 17408K, 0% used [0x00000007bcc00000,0x00000007bcc00000,0x00000007bdd00000)
 ParOldGen       total 175104K, used 13666K [0x00000006c0c00000, 0x00000006cb700000, 0x000000076af00000)
  object space 175104K, 7% used [0x00000006c0c00000,0x00000006c1958a28,0x00000006cb700000)
 Metaspace       used 11620K, capacity 11805K, committed 11904K, reserved 1060864K
  class space    used 1024K, capacity 1135K, committed 1152K, reserved 1048576K
}

