# JRE version: Java(TM) SE Runtime Environment (8.0_171-b11) (build 1.8.0_171-b11)
# Java VM: Java HotSpot(TM) 64-Bit Server VM (25.171-b11 mixed mode windows-amd64 compressed oops)
Heap:
 PSYoungGen      total 854528K, used 267949K [0x000000076af00000, 0x00000007a0400000, 0x00000007c0000000)
  eden space 837120K, 31% used [0x000000076af00000,0x000000077b4637e0,0x000000079e080000)
  from space 17408K, 1% used [0x000000079f200000,0x000000079f248000,0x00000007a0300000)
  to   space 17920K, 0% used [0x000000079e080000,0x000000079e080000,0x000000079f200000)
 ParOldGen       total 175104K, used 13711K [0x00000006c0c00000, 0x00000006cb700000, 0x000000076af00000)
  object space 175104K, 7% used [0x00000006c0c00000,0x00000006c1963c68,0x00000006cb700000)
 Metaspace       used 11601K, capacity 11805K, committed 11904K, reserved 1060864K
  class space    used 1024K, capacity 1135K, committed 1152K, reserved 1048576K
GC Heap History (10 events):
Event: 3.114 GC heap before
{Heap before GC invocations=6 (full 0):
 PSYoungGen      total 141824K, used 141818K [0x000000076af00000, 0x000000077ca00000, 0x00000007c0000000)
  eden space 131072K, 100% used [0x000000076af00000,0x0000000772f00000,0x0000000772f00000)
  from space 10752K, 99% used [0x0000000772f00000,0x000000077397e850,0x0000000773980000)
  to   space 13824K, 0% used [0x000000077bc80000,0x000000077bc80000,0x000000077ca00000)
 ParOldGen       total 175104K, used 3144K [0x00000006c0c00000, 0x00000006cb700000, 0x000000076af00000)
  object space 175104K, 1% used [0x00000006c0c00000,0x00000006c0f12350,0x00000006cb700000)
 Metaspace       used 11569K, capacity 11805K, committed 11904K, reserved 1060864K
  class space    used 1024K, capacity 1135K, committed 1152K, reserved 1048576K
Event: 3.120 GC heap after
Heap after GC invocations=6 (full 0):
 PSYoungGen      total 275968K, used 10794K [0x000000076af00000, 0x000000077ca00000, 0x00000007c0000000)
  eden space 262144K, 0% used [0x000000076af00000,0x000000076af00000,0x000000077af00000)
  from space 13824K, 78% used [0x000000077bc80000,0x000000077c70abe0,0x000000077ca00000)
  to   space 13824K, 0% used [0x000000077af00000,0x000000077af00000,0x000000077bc80000)
 ParOldGen       total 175104K, used 3152K [0x00000006c0c00000, 0x00000006cb700000, 0x000000076af00000)
  object space 175104K, 1% used [0x00000006c0c00000,0x00000006c0f14350,0x00000006cb700000)
 Metaspace       used 11569K, capacity 11805K, committed 11904K, reserved 1060864K
  class space    used 1024K, capacity 1135K, committed 1152K, reserved 1048576K
}
Event: 3.334 GC heap before
{Heap before GC invocations=7 (full 0):
 PSYoungGen      total 275968K, used 272938K [0x000000076af00000, 0x000000077ca00000, 0x00000007c0000000)
  eden space 262144K, 100% used [0x000000076af00000,0x000000077af00000,0x000000077af00000)
  from space 13824K, 78% used [0x000000077bc80000,0x000000077c70abe0,0x000000077ca00000)
  to   space 13824K, 0% used [0x000000077af00000,0x000000077af00000,0x000000077bc80000)
 ParOldGen       total 175104K, used 3152K [0x00000006c0c00000, 0x00000006cb700000, 0x000000076af00000)
  object space 175104K, 1% used [0x00000006c0c00000,0x00000006c0f14350,0x00000006cb700000)
 Metaspace       used 11580K, capacity 11805K, committed 11904K, reserved 1060864K
  class space    used 1024K, capacity 1135K, committed 1152K, reserved 1048576K
Event: 3.340 GC heap after
Heap after GC invocations=7 (full 0):
 PSYoungGen      total 275968K, used 368K [0x000000076af00000, 0x000000078ce00000, 0x00000007c0000000)
  eden space 262144K, 0% used [0x000000076af00000,0x000000076af00000,0x000000077af00000)
  from space 13824K, 2% used [0x000000077af00000,0x000000077af5c120,0x000000077bc80000)
  to   space 15872K, 0% used [0x000000078be80000,0x000000078be80000,0x000000078ce00000)
 ParOldGen       total 175104K, used 13671K [0x00000006c0c00000, 0x00000006cb700000, 0x000000076af00000)
  object space 175104K, 7% used [0x00000006c0c00000,0x00000006c1959c68,0x00000006cb700000)
 Metaspace       used 11580K, capacity 11805K, committed 11904K, reserved 1060864K
  class space    used 1024K, capacity 1135K, committed 1152K, reserved 1048576K
}
Event: 3.580 GC heap before
{Heap before GC invocations=8 (full 0):
 PSYoungGen      total 275968K, used 262512K [0x000000076af00000, 0x000000078ce00000, 0x00000007c0000000)
  eden space 262144K, 100% used [0x000000076af00000,0x000000077af00000,0x000000077af00000)
  from space 13824K, 2% used [0x000000077af00000,0x000000077af5c120,0x000000077bc80000)
  to   space 15872K, 0% used [0x000000078be80000,0x000000078be80000,0x000000078ce00000)
 ParOldGen       total 175104K, used 13671K [0x00000006c0c00000, 0x00000006cb700000, 0x000000076af00000)
  object space 175104K, 7% used [0x00000006c0c00000,0x00000006c1959c68,0x00000006cb700000)
 Metaspace       used 11584K, capacity 11805K, committed 11904K, reserved 1060864K
  class space    used 1024K, capacity 1135K, committed 1152K, reserved 1048576K
Event: 3.580 GC heap after
Heap after GC invocations=8 (full 0):
 PSYoungGen      total 539136K, used 384K [0x000000076af00000, 0x000000078d000000, 0x00000007c0000000)
  eden space 523264K, 0% used [0x000000076af00000,0x000000076af00000,0x000000078ae00000)
  from space 15872K, 2% used [0x000000078be80000,0x000000078bee0000,0x000000078ce00000)
  to   space 16896K, 0% used [0x000000078ae00000,0x000000078ae00000,0x000000078be80000)
 ParOldGen       total 175104K, used 13687K [0x00000006c0c00000, 0x00000006cb700000, 0x000000076af00000)
  object space 175104K, 7% used [0x00000006c0c00000,0x00000006c195dc68,0x00000006cb700000)
 Metaspace       used 11584K, capacity 11805K, committed 11904K, reserved 1060864K
  class space    used 1024K, capacity 1135K, committed 1152K, reserved 1048576K
}
Event: 4.031 GC heap before
{Heap before GC invocations=9 (full 0):
 PSYoungGen      total 539136K, used 523648K [0x000000076af00000, 0x000000078d000000, 0x00000007c0000000)
  eden space 523264K, 100% used [0x000000076af00000,0x000000078ae00000,0x000000078ae00000)
  from space 15872K, 2% used [0x000000078be80000,0x000000078bee0000,0x000000078ce00000)
  to   space 16896K, 0% used [0x000000078ae00000,0x000000078ae00000,0x000000078be80000)
 ParOldGen       total 175104K, used 13687K [0x00000006c0c00000, 0x00000006cb700000, 0x000000076af00000)
  object space 175104K, 7% used [0x00000006c0c00000,0x00000006c195dc68,0x00000006cb700000)
 Metaspace       used 11587K, capacity 11805K, committed 11904K, reserved 1060864K
  class space    used 1024K, capacity 1135K, committed 1152K, reserved 1048576K
Event: 4.032 GC heap after
Heap after GC invocations=9 (full 0):
 PSYoungGen      total 540160K, used 416K [0x000000076af00000, 0x00000007a0300000, 0x00000007c0000000)
  eden space 523264K, 0% used [0x000000076af00000,0x000000076af00000,0x000000078ae00000)
  from space 16896K, 2% used [0x000000078ae00000,0x000000078ae68000,0x000000078be80000)
  to   space 17408K, 0% used [0x000000079f200000,0x000000079f200000,0x00000007a0300000)
 ParOldGen       total 175104K, used 13695K [0x00000006c0c00000, 0x00000006cb700000, 0x000000076af00000)
  object space 175104K, 7% used [0x00000006c0c00000,0x00000006c195fc68,0x00000006cb700000)
 Metaspace       used 11587K, capacity 11805K, committed 11904K, reserved 1060864K
  class space    used 1024K, capacity 1135K, committed 1152K, reserved 1048576K
}
Event: 4.461 GC heap before
{Heap before GC invocations=10 (full 0):
 PSYoungGen      total 540160K, used 523680K [0x000000076af00000, 0x00000007a0300000, 0x00000007c0000000)
  eden space 523264K, 100% used [0x000000076af00000,0x000000078ae00000,0x000000078ae00000)
  from space 16896K, 2% used [0x000000078ae00000,0x000000078ae68000,0x000000078be80000)
  to   space 17408K, 0% used [0x000000079f200000,0x000000079f200000,0x00000007a0300000)
 ParOldGen       total 175104K, used 13695K [0x00000006c0c00000, 0x00000006cb700000, 0x000000076af00000)
  object space 175104K, 7% used [0x00000006c0c00000,0x00000006c195fc68,0x00000006cb700000)
 Metaspace       used 11594K, capacity 11805K, committed 11904K, reserved 1060864K
  class space    used 1024K, capacity 1135K, committed 1152K, reserved 1048576K
Event: 4.461 GC heap after
Heap after GC invocations=10 (full 0):
 PSYoungGen      total 854528K, used 288K [0x000000076af00000, 0x00000007a0400000, 0x00000007c0000000)
  eden space 837120K, 0% used [0x000000076af00000,0x000000076af00000,0x000000079e080000)
  from space 17408K, 1% used [0x000000079f200000,0x000000079f248000,0x00000007a0300000)
  to   space 17920K, 0% used [0x000000079e080000,0x000000079e080000,0x000000079f200000)
 ParOldGen       total 175104K, used 13711K [0x00000006c0c00000, 0x00000006cb700000, 0x000000076af00000)
  object space 175104K, 7% used [0x00000006c0c00000,0x00000006c1963c68,0x00000006cb700000)
 Metaspace       used 11594K, capacity 11805K, committed 11904K, reserved 1060864K
  class space    used 1024K, capacity 1135K, committed 1152K, reserved 1048576K
}

