# JRE version: Java(TM) SE Runtime Environment (8.0_171-b11) (build 1.8.0_171-b11)
# Java VM: Java HotSpot(TM) 64-Bit Server VM (25.171-b11 mixed mode windows-amd64 compressed oops)
Heap:
 PSYoungGen      total 76288K, used 38734K [0x000000076af00000, 0x0000000770400000, 0x00000007c0000000)
  eden space 65536K, 53% used [0x000000076af00000,0x000000076d0f3ae0,0x000000076ef00000)
  from space 10752K, 36% used [0x000000076f980000,0x000000076fd60000,0x0000000770400000)
  to   space 10752K, 0% used [0x000000076ef00000,0x000000076ef00000,0x000000076f980000)
 ParOldGen       total 175104K, used 32K [0x00000006c0c00000, 0x00000006cb700000, 0x000000076af00000)
  object space 175104K, 0% used [0x00000006c0c00000,0x00000006c0c08000,0x00000006cb700000)
 Metaspace       used 19793K, capacity 20081K, committed 20352K, reserved 1067008K
  class space    used 2211K, capacity 2319K, committed 2432K, reserved 1048576K
GC Heap History (4 events):
Event: 9.009 GC heap before
{Heap before GC invocations=1 (full 0):
 PSYoungGen      total 76288K, used 65536K [0x000000076af00000, 0x0000000770400000, 0x00000007c0000000)
  eden space 65536K, 100% used [0x000000076af00000,0x000000076ef00000,0x000000076ef00000)
  from space 10752K, 0% used [0x000000076f980000,0x000000076f980000,0x0000000770400000)
  to   space 10752K, 0% used [0x000000076ef00000,0x000000076ef00000,0x000000076f980000)
 ParOldGen       total 175104K, used 0K [0x00000006c0c00000, 0x00000006cb700000, 0x000000076af00000)
  object space 175104K, 0% used [0x00000006c0c00000,0x00000006c0c00000,0x00000006cb700000)
 Metaspace       used 19260K, capacity 19623K, committed 19840K, reserved 1067008K
  class space    used 2192K, capacity 2316K, committed 2432K, reserved 1048576K
Event: 9.014 GC heap after
Heap after GC invocations=1 (full 0):
 PSYoungGen      total 76288K, used 5262K [0x000000076af00000, 0x0000000770400000, 0x00000007c0000000)
  eden space 65536K, 0% used [0x000000076af00000,0x000000076af00000,0x000000076ef00000)
  from space 10752K, 48% used [0x000000076ef00000,0x000000076f4239a8,0x000000076f980000)
  to   space 10752K, 0% used [0x000000076f980000,0x000000076f980000,0x0000000770400000)
 ParOldGen       total 175104K, used 24K [0x00000006c0c00000, 0x00000006cb700000, 0x000000076af00000)
  object space 175104K, 0% used [0x00000006c0c00000,0x00000006c0c06000,0x00000006cb700000)
 Metaspace       used 19260K, capacity 19623K, committed 19840K, reserved 1067008K
  class space    used 2192K, capacity 2316K, committed 2432K, reserved 1048576K
}
Event: 26.414 GC heap before
{Heap before GC invocations=2 (full 0):
 PSYoungGen      total 76288K, used 70798K [0x000000076af00000, 0x0000000770400000, 0x00000007c0000000)
  eden space 65536K, 100% used [0x000000076af00000,0x000000076ef00000,0x000000076ef00000)
  from space 10752K, 48% used [0x000000076ef00000,0x000000076f4239a8,0x000000076f980000)
  to   space 10752K, 0% used [0x000000076f980000,0x000000076f980000,0x0000000770400000)
 ParOldGen       total 175104K, used 24K [0x00000006c0c00000, 0x00000006cb700000, 0x000000076af00000)
  object space 175104K, 0% used [0x00000006c0c00000,0x00000006c0c06000,0x00000006cb700000)
 Metaspace       used 19574K, capacity 19879K, committed 20096K, reserved 1067008K
  class space    used 2199K, capacity 2316K, committed 2432K, reserved 1048576K
Event: 26.418 GC heap after
Heap after GC invocations=2 (full 0):
 PSYoungGen      total 76288K, used 3968K [0x000000076af00000, 0x0000000770400000, 0x00000007c0000000)
  eden space 65536K, 0% used [0x000000076af00000,0x000000076af00000,0x000000076ef00000)
  from space 10752K, 36% used [0x000000076f980000,0x000000076fd60000,0x0000000770400000)
  to   space 10752K, 0% used [0x000000076ef00000,0x000000076ef00000,0x000000076f980000)
 ParOldGen       total 175104K, used 32K [0x00000006c0c00000, 0x00000006cb700000, 0x000000076af00000)
  object space 175104K, 0% used [0x00000006c0c00000,0x00000006c0c08000,0x00000006cb700000)
 Metaspace       used 19574K, capacity 19879K, committed 20096K, reserved 1067008K
  class space    used 2199K, capacity 2316K, committed 2432K, reserved 1048576K
}

